[debug] [2023-02-20T01:43:11.736Z] ----------------------------------------------------------------------
[debug] [2023-02-20T01:43:11.737Z] Command:       /usr/bin/node /usr/bin/firebase deploy --only hosting:aidewebsite
[debug] [2023-02-20T01:43:11.737Z] CLI Version:   11.20.0
[debug] [2023-02-20T01:43:11.737Z] Platform:      linux
[debug] [2023-02-20T01:43:11.738Z] Node Version:  v14.21.2
[debug] [2023-02-20T01:43:11.738Z] Time:          Mon Feb 20 2023 02:43:11 GMT+0100 (West Africa Standard Time)
[debug] [2023-02-20T01:43:11.738Z] ----------------------------------------------------------------------
[debug] 
[debug] [2023-02-20T01:43:11.790Z] > command requires scopes: ["email","openid","https://www.googleapis.com/auth/cloudplatformprojects.readonly","https://www.googleapis.com/auth/firebase","https://www.googleapis.com/auth/cloud-platform"]
[debug] [2023-02-20T01:43:11.790Z] > authorizing via signed-in user (kelubboy@gmail.com)
[debug] [2023-02-20T01:43:11.790Z] [iam] checking project aide-financial for permissions ["firebase.projects.get","firebasehosting.sites.update"]
[debug] [2023-02-20T01:43:11.791Z] >>> [apiv2][query] POST https://cloudresourcemanager.googleapis.com/v1/projects/aide-financial:testIamPermissions [none]
[debug] [2023-02-20T01:43:11.792Z] >>> [apiv2][(partial)header] POST https://cloudresourcemanager.googleapis.com/v1/projects/aide-financial:testIamPermissions x-goog-quota-user=projects/aide-financial
[debug] [2023-02-20T01:43:11.792Z] >>> [apiv2][body] POST https://cloudresourcemanager.googleapis.com/v1/projects/aide-financial:testIamPermissions {"permissions":["firebase.projects.get","firebasehosting.sites.update"]}
[debug] [2023-02-20T01:43:13.619Z] <<< [apiv2][status] POST https://cloudresourcemanager.googleapis.com/v1/projects/aide-financial:testIamPermissions 200
[debug] [2023-02-20T01:43:13.619Z] <<< [apiv2][body] POST https://cloudresourcemanager.googleapis.com/v1/projects/aide-financial:testIamPermissions {"permissions":["firebase.projects.get","firebasehosting.sites.update"]}
[debug] [2023-02-20T01:43:13.620Z] >>> [apiv2][query] GET https://firebase.googleapis.com/v1beta1/projects/aide-financial [none]
[debug] [2023-02-20T01:43:14.538Z] <<< [apiv2][status] GET https://firebase.googleapis.com/v1beta1/projects/aide-financial 200
[debug] [2023-02-20T01:43:14.539Z] <<< [apiv2][body] GET https://firebase.googleapis.com/v1beta1/projects/aide-financial {"projectId":"aide-financial","projectNumber":"41282973625","displayName":"aide-financial","name":"projects/aide-financial","resources":{"hostingSite":"aide-financial","realtimeDatabaseInstance":"aide-financial","storageBucket":"aide-financial.appspot.com","locationId":"us-central"},"state":"ACTIVE","etag":"1_9b6de12d-0bef-4b11-8208-ecb56758e8e5"}
[info] 
[info] === Deploying to 'aide-financial'...
[info] 
[info] i  deploying hosting 
[debug] [2023-02-20T01:43:14.543Z] >>> [apiv2][query] POST https://firebasehosting.googleapis.com/v1beta1/projects/-/sites/aidewebsite/versions [none]
[debug] [2023-02-20T01:43:14.543Z] >>> [apiv2][body] POST https://firebasehosting.googleapis.com/v1beta1/projects/-/sites/aidewebsite/versions {"status":"CREATED","labels":{"deployment-tool":"cli-firebase"}}
[debug] [2023-02-20T01:43:16.659Z] <<< [apiv2][status] POST https://firebasehosting.googleapis.com/v1beta1/projects/-/sites/aidewebsite/versions 200
[debug] [2023-02-20T01:43:16.659Z] <<< [apiv2][body] POST https://firebasehosting.googleapis.com/v1beta1/projects/-/sites/aidewebsite/versions {"name":"projects/41282973625/sites/aidewebsite/versions/1e3c56e16d4acbf1","status":"CREATED","config":{},"labels":{"deployment-tool":"cli-firebase"}}
[info] i  hosting[aidewebsite]: beginning deploy... 
[info] i  hosting[aidewebsite]: found 48 files in build 
[debug] [2023-02-20T01:43:16.669Z] [hosting] uploading with 200 concurrency
[debug] [2023-02-20T01:43:16.669Z] [hosting] hash cache [YnVpbGQ] not populated
[debug] [2023-02-20T01:43:16.769Z] [hosting] hash cache [YnVpbGQ] stored for 48 files
[debug] [2023-02-20T01:43:16.770Z] [hosting][hash queue][FINAL] {"max":94,"min":13,"avg":25.8125,"active":0,"complete":48,"success":48,"errored":0,"retried":0,"total":48,"elapsed":99}
[debug] [2023-02-20T01:43:16.770Z] >>> [apiv2][query] POST https://firebasehosting.googleapis.com/v1beta1/projects/41282973625/sites/aidewebsite/versions/1e3c56e16d4acbf1:populateFiles [none]
[debug] [2023-02-20T01:43:16.770Z] >>> [apiv2][body] POST https://firebasehosting.googleapis.com/v1beta1/projects/41282973625/sites/aidewebsite/versions/1e3c56e16d4acbf1:populateFiles {"files":{"/953.c264f5f548140082.js":"018559097dd1cb86b7883565db49522c9e8519aa49de84c77e94f53749f4b9ea","/favicon.ico":"5ba04cf43d3c8c026bd5edd43046db96acb28b5686d99ea7d7e148feabfffc8f","/index.html":"9ce3adfaa1a2fcce0fa4ad0506e4145eea5b94efe1e63968ee8a7b22cb87cf8e","/runtime.3ebd71caddfd2e00.js":"f239c3cb3e1ff0cc0a96ee189b03940384e0162758533e52903ba7fa2f4e3f7e","/3rdpartylicenses.txt":"8f8a75f0f0d91f52d26cbb6865f0ecfc4104a6ece3971dfc34ee72442a4f5c27","/polyfills.b22797da6ca879f8.js":"7507e173cc7bf887d60171855e8e6b2dcd51ef58cf86816c8df60769f265bdb6","/assets/images/basic-info-2.png":"38efa33bf0d8999fc2f68c697074ee727b8845c631e1b5a67ac677c51d4f0405","/assets/images/basic-info-3.png":"472f00f06c597e4fb0fc91121b477c665bbf523d4f084d7fa77b244be03753ff","/assets/images/check.png":"f55c0c74490e480f6d816b884aca8b9665fc44dfb4b5a9a6c47c3942fffd77f4","/assets/images/oc-growing.svg":"5d5e7afd02c6c5047a55e8400517abfd9e6462275de5a19d231dc9aaf6af4aae","/assets/js/aos.js":"6b624c7620212dbeece4c138e6dfc99279f35a617ef1f529e024d64256ab4d11","/assets/svg/brands/flow-xo-gray.svg":"b09e480a73a64e780730be550ed02048c041ad4dabcbd05bc20849791f71c4ad","/assets/svg/brands/fitbit-gray.svg":"1d24a881237efd72eda0188eaae104b8a4e4c0040ec44e41f1104834a5353100","/assets/svg/brands/gitlab-gray.svg":"5b851a5c37be5be364070fc67f24943596682545ec456bf6ed5ca13b0c37a814","/assets/js/theme.min.js":"deb369c3a4b21008edc7760472b8f05509a737de78fdfad160c332d0b610417b","/assets/svg/brands/google-icon.svg":"432722297988f36d53b57026a5067c48a08f5847765bd084afcdf29b1f0c131d","/assets/svg/components/three-pointers.svg":"c57470e7590d9b897fcdeabb5f6def3a78ddae97cb4ab913e390550c97bd128f","/assets/svg/components/map-pin.svg":"40a0e365268012f9cdcb6d72b08c79416654de2d54b2c3a29170d48ca5b1c80e","/assets/svg/brands/layar-gray.svg":"86f49ce79ae3308a289c3b07a9cd1a963eea915d14faa99958290f80066d4e28","/assets/svg/illustrations/oc-person-3.svg":"102bcb6c5a07180b6ed2ac9284f32414044a6df041939fe3b2df39f6b8096dff","/assets/theme/theme.scss":"afdd190c00d25383680d3b5818bc96a78895b86a2247d5db73852ab957711955","/assets/svg/illustrations/oc-growing.svg":"5d5e7afd02c6c5047a55e8400517abfd9e6462275de5a19d231dc9aaf6af4aae","/assets/theme/aos.css":"9968c2ab9a7a3649290e6d1124b9bdd13911c3bdbfc3513f37486243bc15ce8b","/assets/icons/icon1.png":"7d991b85c66fd3b843ff379ad8bd84d32ca8b17fa3bd74ee75cfab16195946b8","/assets/theme/vendor.min.css":"4ab7bc42115748624fe01e672da038fb5024c2d026efd5311aff1a1097af6cb1","/scripts.b7cebc1258dbcca8.js":"2290f86476687ede90b62f9ad4de23d3c8d33422be434b6b787c121cccb78dc5","/assets/images/track-3.png":"3efa8435db981e3ca63b5daaab4dd06f0f0ad45b5705b3954b461c1615c92502","/assets/icons/icon.png":"e09a83a22e7a77795727d66bab2825d81fdb5d27eab24fcb129e7f7332e92506","/570.abf0e2e59cf1192d.js":"ced06e092b778c98a7d0a2a5ebd72c2c44527050e240cf71c8a2661bee0d07fd","/assets/theme/bootstrap-icons.css":"1875c7ee9688443559d48f35dad4cde7beb573db74483968761e3746d73e8802","/styles.6a10a6c2a9e6c2c2.css":"94017a2c24bb60fb70e85f7f22c9c1436557a31deb7b4f8285b98e3d9df28d53","/assets/images/about_2.jpg":"eec1c829440789bba9e681d151d55355a32c7fef3ccdd985718b94226417c4cf","/assets/img/407x867/img1.jpg":"39ec1ce17452447f5d0ccf4634a4184b6ecb8a822053d9db5d8489a6341dc827","/assets/images/feature-item-2.png":"b062f3628e479182064f826311cc502dafa3d83983c1d8569cdcd0e0f863dc9f","/assets/images/manage-cash-img.png":"d568279f7d9f43e6073050913d14462eb770d46b2fffab4b300f36c07de460de","/assets/theme/fonts/bootstrap-icons.woff2":"31f0fbade3f70d4902a5163b450f13d0ecca37210a037fd1816f327d622a3d69","/assets/images/card-1.png":"130dd1287eb747e90f62e58cb45279ef60f341d57b68bf91023ca7ff8c7f923f","/assets/images/card-2.png":"130dd1287eb747e90f62e58cb45279ef60f341d57b68bf91023ca7ff8c7f923f","/assets/images/footer.png":"c7851b557da34baed4047e8427fec25dc2e5715a0234b6eb8e2a0875e2cc3bd3","/assets/images/phone2.jpg":"fbee3763bea0604f41557bf8a7fe9c4cc58f9e4afb96786e31c9e78e18679dde","/assets/theme/style.css":"99425a9aba8835010aa87841f83f5a6f162bc222196f68c3f130f5f6efb06e2e","/assets/images/phone1.jpg":"6c9473f26d1b5adaa47f3c29c057bbdf27b4d0c8234218cc8bd633c0765c5882","/main.2f16382d6896e4b2.js":"524b2dd86ed74fc68e7c9a96939dd93f5d361a633a06610435378585ab7fc15c","/assets/img/1618x1010/img1.jpg":"8787359a42a7d182c6a997f1ae87f91163727c3de0909e6cf9dd5862443a6ab5","/assets/images/apps.png":"298da7f81bd1a17979eb2c45702ff23b0876df4114083859da0aac4d9641ff7f","/assets/img/1618x1010/img5.jpg":"ed9b4c3e53886aba175a61920ccd1ff6574d0771c5016232dbeda6856b6fd873","/assets/img/1618x1010/img4.jpg":"5cd8fe8d809f7453d40c795c4f5679b9ceb77e8f3a47db0f695d9f17a0e14cb9","/assets/js/vendor.min.js":"e2e5d0733ac0b5603cb0fcbf7ea5f7cfa03dbee666502d0f5fd5dd0605f22865"}}
[debug] [2023-02-20T01:43:19.044Z] <<< [apiv2][status] POST https://firebasehosting.googleapis.com/v1beta1/projects/41282973625/sites/aidewebsite/versions/1e3c56e16d4acbf1:populateFiles 200
[debug] [2023-02-20T01:43:19.044Z] <<< [apiv2][body] POST https://firebasehosting.googleapis.com/v1beta1/projects/41282973625/sites/aidewebsite/versions/1e3c56e16d4acbf1:populateFiles {"uploadRequiredHashes":["c7851b557da34baed4047e8427fec25dc2e5715a0234b6eb8e2a0875e2cc3bd3","94017a2c24bb60fb70e85f7f22c9c1436557a31deb7b4f8285b98e3d9df28d53","38efa33bf0d8999fc2f68c697074ee727b8845c631e1b5a67ac677c51d4f0405","39ec1ce17452447f5d0ccf4634a4184b6ecb8a822053d9db5d8489a6341dc827","524b2dd86ed74fc68e7c9a96939dd93f5d361a633a06610435378585ab7fc15c","99425a9aba8835010aa87841f83f5a6f162bc222196f68c3f130f5f6efb06e2e","4ab7bc42115748624fe01e672da038fb5024c2d026efd5311aff1a1097af6cb1","d568279f7d9f43e6073050913d14462eb770d46b2fffab4b300f36c07de460de","40a0e365268012f9cdcb6d72b08c79416654de2d54b2c3a29170d48ca5b1c80e","fbee3763bea0604f41557bf8a7fe9c4cc58f9e4afb96786e31c9e78e18679dde","9968c2ab9a7a3649290e6d1124b9bdd13911c3bdbfc3513f37486243bc15ce8b","e09a83a22e7a77795727d66bab2825d81fdb5d27eab24fcb129e7f7332e92506","7507e173cc7bf887d60171855e8e6b2dcd51ef58cf86816c8df60769f265bdb6","1875c7ee9688443559d48f35dad4cde7beb573db74483968761e3746d73e8802","86f49ce79ae3308a289c3b07a9cd1a963eea915d14faa99958290f80066d4e28","432722297988f36d53b57026a5067c48a08f5847765bd084afcdf29b1f0c131d","31f0fbade3f70d4902a5163b450f13d0ecca37210a037fd1816f327d622a3d69","9ce3adfaa1a2fcce0fa4ad0506e4145eea5b94efe1e63968ee8a7b22cb87cf8e","b09e480a73a64e780730be550ed02048c041ad4dabcbd05bc20849791f71c4ad","f55c0c74490e480f6d816b884aca8b9665fc44dfb4b5a9a6c47c3942fffd77f4","6c9473f26d1b5adaa47f3c29c057bbdf27b4d0c8234218cc8bd633c0765c5882","298da7f81bd1a17979eb2c45702ff23b0876df4114083859da0aac4d9641ff7f","deb369c3a4b21008edc7760472b8f05509a737de78fdfad160c332d0b610417b","5cd8fe8d809f7453d40c795c4f5679b9ceb77e8f3a47db0f695d9f17a0e14cb9","472f00f06c597e4fb0fc91121b477c665bbf523d4f084d7fa77b244be03753ff","1d24a881237efd72eda0188eaae104b8a4e4c0040ec44e41f1104834a5353100","ced06e092b778c98a7d0a2a5ebd72c2c44527050e240cf71c8a2661bee0d07fd","2290f86476687ede90b62f9ad4de23d3c8d33422be434b6b787c121cccb78dc5","130dd1287eb747e90f62e58cb45279ef60f341d57b68bf91023ca7ff8c7f923f","eec1c829440789bba9e681d151d55355a32c7fef3ccdd985718b94226417c4cf","5ba04cf43d3c8c026bd5edd43046db96acb28b5686d99ea7d7e148feabfffc8f","c57470e7590d9b897fcdeabb5f6def3a78ddae97cb4ab913e390550c97bd128f","5d5e7afd02c6c5047a55e8400517abfd9e6462275de5a19d231dc9aaf6af4aae","e2e5d0733ac0b5603cb0fcbf7ea5f7cfa03dbee666502d0f5fd5dd0605f22865","3efa8435db981e3ca63b5daaab4dd06f0f0ad45b5705b3954b461c1615c92502","ed9b4c3e53886aba175a61920ccd1ff6574d0771c5016232dbeda6856b6fd873","b062f3628e479182064f826311cc502dafa3d83983c1d8569cdcd0e0f863dc9f","7d991b85c66fd3b843ff379ad8bd84d32ca8b17fa3bd74ee75cfab16195946b8","8f8a75f0f0d91f52d26cbb6865f0ecfc4104a6ece3971dfc34ee72442a4f5c27","8787359a42a7d182c6a997f1ae87f91163727c3de0909e6cf9dd5862443a6ab5","6b624c7620212dbeece4c138e6dfc99279f35a617ef1f529e024d64256ab4d11","afdd190c00d25383680d3b5818bc96a78895b86a2247d5db73852ab957711955","5b851a5c37be5be364070fc67f24943596682545ec456bf6ed5ca13b0c37a814","f239c3cb3e1ff0cc0a96ee189b03940384e0162758533e52903ba7fa2f4e3f7e","102bcb6c5a07180b6ed2ac9284f32414044a6df041939fe3b2df39f6b8096dff","018559097dd1cb86b7883565db49522c9e8519aa49de84c77e94f53749f4b9ea"],"uploadUrl":"https://upload-firebasehosting.googleapis.com/upload/sites/aidewebsite/versions/1e3c56e16d4acbf1/files"}
[debug] [2023-02-20T01:43:19.051Z] >>> [apiv2][query] POST https://upload-firebasehosting.googleapis.com/upload/sites/aidewebsite/versions/1e3c56e16d4acbf1/files/c7851b557da34baed4047e8427fec25dc2e5715a0234b6eb8e2a0875e2cc3bd3 [none]
[debug] [2023-02-20T01:43:19.051Z] >>> [apiv2][body] POST https://upload-firebasehosting.googleapis.com/upload/sites/aidewebsite/versions/1e3c56e16d4acbf1/files/c7851b557da34baed4047e8427fec25dc2e5715a0234b6eb8e2a0875e2cc3bd3 [stream]
[debug] [2023-02-20T01:43:19.053Z] >>> [apiv2][query] POST https://upload-firebasehosting.googleapis.com/upload/sites/aidewebsite/versions/1e3c56e16d4acbf1/files/94017a2c24bb60fb70e85f7f22c9c1436557a31deb7b4f8285b98e3d9df28d53 [none]
[debug] [2023-02-20T01:43:19.053Z] >>> [apiv2][body] POST https://upload-firebasehosting.googleapis.com/upload/sites/aidewebsite/versions/1e3c56e16d4acbf1/files/94017a2c24bb60fb70e85f7f22c9c1436557a31deb7b4f8285b98e3d9df28d53 [stream]
[debug] [2023-02-20T01:43:19.054Z] >>> [apiv2][query] POST https://upload-firebasehosting.googleapis.com/upload/sites/aidewebsite/versions/1e3c56e16d4acbf1/files/38efa33bf0d8999fc2f68c697074ee727b8845c631e1b5a67ac677c51d4f0405 [none]
[debug] [2023-02-20T01:43:19.054Z] >>> [apiv2][body] POST https://upload-firebasehosting.googleapis.com/upload/sites/aidewebsite/versions/1e3c56e16d4acbf1/files/38efa33bf0d8999fc2f68c697074ee727b8845c631e1b5a67ac677c51d4f0405 [stream]
[debug] [2023-02-20T01:43:19.055Z] >>> [apiv2][query] POST https://upload-firebasehosting.googleapis.com/upload/sites/aidewebsite/versions/1e3c56e16d4acbf1/files/39ec1ce17452447f5d0ccf4634a4184b6ecb8a822053d9db5d8489a6341dc827 [none]
[debug] [2023-02-20T01:43:19.055Z] >>> [apiv2][body] POST https://upload-firebasehosting.googleapis.com/upload/sites/aidewebsite/versions/1e3c56e16d4acbf1/files/39ec1ce17452447f5d0ccf4634a4184b6ecb8a822053d9db5d8489a6341dc827 [stream]
[debug] [2023-02-20T01:43:19.056Z] >>> [apiv2][query] POST https://upload-firebasehosting.googleapis.com/upload/sites/aidewebsite/versions/1e3c56e16d4acbf1/files/524b2dd86ed74fc68e7c9a96939dd93f5d361a633a06610435378585ab7fc15c [none]
[debug] [2023-02-20T01:43:19.056Z] >>> [apiv2][body] POST https://upload-firebasehosting.googleapis.com/upload/sites/aidewebsite/versions/1e3c56e16d4acbf1/files/524b2dd86ed74fc68e7c9a96939dd93f5d361a633a06610435378585ab7fc15c [stream]
[debug] [2023-02-20T01:43:19.057Z] >>> [apiv2][query] POST https://upload-firebasehosting.googleapis.com/upload/sites/aidewebsite/versions/1e3c56e16d4acbf1/files/99425a9aba8835010aa87841f83f5a6f162bc222196f68c3f130f5f6efb06e2e [none]
[debug] [2023-02-20T01:43:19.057Z] >>> [apiv2][body] POST https://upload-firebasehosting.googleapis.com/upload/sites/aidewebsite/versions/1e3c56e16d4acbf1/files/99425a9aba8835010aa87841f83f5a6f162bc222196f68c3f130f5f6efb06e2e [stream]
[debug] [2023-02-20T01:43:19.057Z] >>> [apiv2][query] POST https://upload-firebasehosting.googleapis.com/upload/sites/aidewebsite/versions/1e3c56e16d4acbf1/files/4ab7bc42115748624fe01e672da038fb5024c2d026efd5311aff1a1097af6cb1 [none]
[debug] [2023-02-20T01:43:19.057Z] >>> [apiv2][body] POST https://upload-firebasehosting.googleapis.com/upload/sites/aidewebsite/versions/1e3c56e16d4acbf1/files/4ab7bc42115748624fe01e672da038fb5024c2d026efd5311aff1a1097af6cb1 [stream]
[debug] [2023-02-20T01:43:19.058Z] >>> [apiv2][query] POST https://upload-firebasehosting.googleapis.com/upload/sites/aidewebsite/versions/1e3c56e16d4acbf1/files/d568279f7d9f43e6073050913d14462eb770d46b2fffab4b300f36c07de460de [none]
[debug] [2023-02-20T01:43:19.058Z] >>> [apiv2][body] POST https://upload-firebasehosting.googleapis.com/upload/sites/aidewebsite/versions/1e3c56e16d4acbf1/files/d568279f7d9f43e6073050913d14462eb770d46b2fffab4b300f36c07de460de [stream]
[debug] [2023-02-20T01:43:19.059Z] >>> [apiv2][query] POST https://upload-firebasehosting.googleapis.com/upload/sites/aidewebsite/versions/1e3c56e16d4acbf1/files/40a0e365268012f9cdcb6d72b08c79416654de2d54b2c3a29170d48ca5b1c80e [none]
[debug] [2023-02-20T01:43:19.059Z] >>> [apiv2][body] POST https://upload-firebasehosting.googleapis.com/upload/sites/aidewebsite/versions/1e3c56e16d4acbf1/files/40a0e365268012f9cdcb6d72b08c79416654de2d54b2c3a29170d48ca5b1c80e [stream]
[debug] [2023-02-20T01:43:19.060Z] >>> [apiv2][query] POST https://upload-firebasehosting.googleapis.com/upload/sites/aidewebsite/versions/1e3c56e16d4acbf1/files/fbee3763bea0604f41557bf8a7fe9c4cc58f9e4afb96786e31c9e78e18679dde [none]
[debug] [2023-02-20T01:43:19.060Z] >>> [apiv2][body] POST https://upload-firebasehosting.googleapis.com/upload/sites/aidewebsite/versions/1e3c56e16d4acbf1/files/fbee3763bea0604f41557bf8a7fe9c4cc58f9e4afb96786e31c9e78e18679dde [stream]
[debug] [2023-02-20T01:43:19.061Z] >>> [apiv2][query] POST https://upload-firebasehosting.googleapis.com/upload/sites/aidewebsite/versions/1e3c56e16d4acbf1/files/9968c2ab9a7a3649290e6d1124b9bdd13911c3bdbfc3513f37486243bc15ce8b [none]
[debug] [2023-02-20T01:43:19.061Z] >>> [apiv2][body] POST https://upload-firebasehosting.googleapis.com/upload/sites/aidewebsite/versions/1e3c56e16d4acbf1/files/9968c2ab9a7a3649290e6d1124b9bdd13911c3bdbfc3513f37486243bc15ce8b [stream]
[debug] [2023-02-20T01:43:19.062Z] >>> [apiv2][query] POST https://upload-firebasehosting.googleapis.com/upload/sites/aidewebsite/versions/1e3c56e16d4acbf1/files/e09a83a22e7a77795727d66bab2825d81fdb5d27eab24fcb129e7f7332e92506 [none]
[debug] [2023-02-20T01:43:19.062Z] >>> [apiv2][body] POST https://upload-firebasehosting.googleapis.com/upload/sites/aidewebsite/versions/1e3c56e16d4acbf1/files/e09a83a22e7a77795727d66bab2825d81fdb5d27eab24fcb129e7f7332e92506 [stream]
[debug] [2023-02-20T01:43:19.063Z] >>> [apiv2][query] POST https://upload-firebasehosting.googleapis.com/upload/sites/aidewebsite/versions/1e3c56e16d4acbf1/files/7507e173cc7bf887d60171855e8e6b2dcd51ef58cf86816c8df60769f265bdb6 [none]
[debug] [2023-02-20T01:43:19.063Z] >>> [apiv2][body] POST https://upload-firebasehosting.googleapis.com/upload/sites/aidewebsite/versions/1e3c56e16d4acbf1/files/7507e173cc7bf887d60171855e8e6b2dcd51ef58cf86816c8df60769f265bdb6 [stream]
[debug] [2023-02-20T01:43:19.064Z] >>> [apiv2][query] POST https://upload-firebasehosting.googleapis.com/upload/sites/aidewebsite/versions/1e3c56e16d4acbf1/files/1875c7ee9688443559d48f35dad4cde7beb573db74483968761e3746d73e8802 [none]
[debug] [2023-02-20T01:43:19.064Z] >>> [apiv2][body] POST https://upload-firebasehosting.googleapis.com/upload/sites/aidewebsite/versions/1e3c56e16d4acbf1/files/1875c7ee9688443559d48f35dad4cde7beb573db74483968761e3746d73e8802 [stream]
[debug] [2023-02-20T01:43:19.069Z] >>> [apiv2][query] POST https://upload-firebasehosting.googleapis.com/upload/sites/aidewebsite/versions/1e3c56e16d4acbf1/files/86f49ce79ae3308a289c3b07a9cd1a963eea915d14faa99958290f80066d4e28 [none]
[debug] [2023-02-20T01:43:19.069Z] >>> [apiv2][body] POST https://upload-firebasehosting.googleapis.com/upload/sites/aidewebsite/versions/1e3c56e16d4acbf1/files/86f49ce79ae3308a289c3b07a9cd1a963eea915d14faa99958290f80066d4e28 [stream]
[debug] [2023-02-20T01:43:19.070Z] >>> [apiv2][query] POST https://upload-firebasehosting.googleapis.com/upload/sites/aidewebsite/versions/1e3c56e16d4acbf1/files/432722297988f36d53b57026a5067c48a08f5847765bd084afcdf29b1f0c131d [none]
[debug] [2023-02-20T01:43:19.070Z] >>> [apiv2][body] POST https://upload-firebasehosting.googleapis.com/upload/sites/aidewebsite/versions/1e3c56e16d4acbf1/files/432722297988f36d53b57026a5067c48a08f5847765bd084afcdf29b1f0c131d [stream]
[debug] [2023-02-20T01:43:19.070Z] >>> [apiv2][query] POST https://upload-firebasehosting.googleapis.com/upload/sites/aidewebsite/versions/1e3c56e16d4acbf1/files/31f0fbade3f70d4902a5163b450f13d0ecca37210a037fd1816f327d622a3d69 [none]
[debug] [2023-02-20T01:43:19.070Z] >>> [apiv2][body] POST https://upload-firebasehosting.googleapis.com/upload/sites/aidewebsite/versions/1e3c56e16d4acbf1/files/31f0fbade3f70d4902a5163b450f13d0ecca37210a037fd1816f327d622a3d69 [stream]
[debug] [2023-02-20T01:43:19.071Z] >>> [apiv2][query] POST https://upload-firebasehosting.googleapis.com/upload/sites/aidewebsite/versions/1e3c56e16d4acbf1/files/9ce3adfaa1a2fcce0fa4ad0506e4145eea5b94efe1e63968ee8a7b22cb87cf8e [none]
[debug] [2023-02-20T01:43:19.071Z] >>> [apiv2][body] POST https://upload-firebasehosting.googleapis.com/upload/sites/aidewebsite/versions/1e3c56e16d4acbf1/files/9ce3adfaa1a2fcce0fa4ad0506e4145eea5b94efe1e63968ee8a7b22cb87cf8e [stream]
[debug] [2023-02-20T01:43:19.072Z] >>> [apiv2][query] POST https://upload-firebasehosting.googleapis.com/upload/sites/aidewebsite/versions/1e3c56e16d4acbf1/files/b09e480a73a64e780730be550ed02048c041ad4dabcbd05bc20849791f71c4ad [none]
[debug] [2023-02-20T01:43:19.072Z] >>> [apiv2][body] POST https://upload-firebasehosting.googleapis.com/upload/sites/aidewebsite/versions/1e3c56e16d4acbf1/files/b09e480a73a64e780730be550ed02048c041ad4dabcbd05bc20849791f71c4ad [stream]
[debug] [2023-02-20T01:43:19.073Z] >>> [apiv2][query] POST https://upload-firebasehosting.googleapis.com/upload/sites/aidewebsite/versions/1e3c56e16d4acbf1/files/f55c0c74490e480f6d816b884aca8b9665fc44dfb4b5a9a6c47c3942fffd77f4 [none]
[debug] [2023-02-20T01:43:19.073Z] >>> [apiv2][body] POST https://upload-firebasehosting.googleapis.com/upload/sites/aidewebsite/versions/1e3c56e16d4acbf1/files/f55c0c74490e480f6d816b884aca8b9665fc44dfb4b5a9a6c47c3942fffd77f4 [stream]
[debug] [2023-02-20T01:43:19.073Z] >>> [apiv2][query] POST https://upload-firebasehosting.googleapis.com/upload/sites/aidewebsite/versions/1e3c56e16d4acbf1/files/6c9473f26d1b5adaa47f3c29c057bbdf27b4d0c8234218cc8bd633c0765c5882 [none]
[debug] [2023-02-20T01:43:19.073Z] >>> [apiv2][body] POST https://upload-firebasehosting.googleapis.com/upload/sites/aidewebsite/versions/1e3c56e16d4acbf1/files/6c9473f26d1b5adaa47f3c29c057bbdf27b4d0c8234218cc8bd633c0765c5882 [stream]
[debug] [2023-02-20T01:43:19.074Z] >>> [apiv2][query] POST https://upload-firebasehosting.googleapis.com/upload/sites/aidewebsite/versions/1e3c56e16d4acbf1/files/298da7f81bd1a17979eb2c45702ff23b0876df4114083859da0aac4d9641ff7f [none]
[debug] [2023-02-20T01:43:19.074Z] >>> [apiv2][body] POST https://upload-firebasehosting.googleapis.com/upload/sites/aidewebsite/versions/1e3c56e16d4acbf1/files/298da7f81bd1a17979eb2c45702ff23b0876df4114083859da0aac4d9641ff7f [stream]
[debug] [2023-02-20T01:43:19.074Z] >>> [apiv2][query] POST https://upload-firebasehosting.googleapis.com/upload/sites/aidewebsite/versions/1e3c56e16d4acbf1/files/deb369c3a4b21008edc7760472b8f05509a737de78fdfad160c332d0b610417b [none]
[debug] [2023-02-20T01:43:19.074Z] >>> [apiv2][body] POST https://upload-firebasehosting.googleapis.com/upload/sites/aidewebsite/versions/1e3c56e16d4acbf1/files/deb369c3a4b21008edc7760472b8f05509a737de78fdfad160c332d0b610417b [stream]
[debug] [2023-02-20T01:43:19.074Z] >>> [apiv2][query] POST https://upload-firebasehosting.googleapis.com/upload/sites/aidewebsite/versions/1e3c56e16d4acbf1/files/5cd8fe8d809f7453d40c795c4f5679b9ceb77e8f3a47db0f695d9f17a0e14cb9 [none]
[debug] [2023-02-20T01:43:19.075Z] >>> [apiv2][body] POST https://upload-firebasehosting.googleapis.com/upload/sites/aidewebsite/versions/1e3c56e16d4acbf1/files/5cd8fe8d809f7453d40c795c4f5679b9ceb77e8f3a47db0f695d9f17a0e14cb9 [stream]
[debug] [2023-02-20T01:43:19.075Z] >>> [apiv2][query] POST https://upload-firebasehosting.googleapis.com/upload/sites/aidewebsite/versions/1e3c56e16d4acbf1/files/472f00f06c597e4fb0fc91121b477c665bbf523d4f084d7fa77b244be03753ff [none]
[debug] [2023-02-20T01:43:19.075Z] >>> [apiv2][body] POST https://upload-firebasehosting.googleapis.com/upload/sites/aidewebsite/versions/1e3c56e16d4acbf1/files/472f00f06c597e4fb0fc91121b477c665bbf523d4f084d7fa77b244be03753ff [stream]
[debug] [2023-02-20T01:43:19.075Z] >>> [apiv2][query] POST https://upload-firebasehosting.googleapis.com/upload/sites/aidewebsite/versions/1e3c56e16d4acbf1/files/1d24a881237efd72eda0188eaae104b8a4e4c0040ec44e41f1104834a5353100 [none]
[debug] [2023-02-20T01:43:19.075Z] >>> [apiv2][body] POST https://upload-firebasehosting.googleapis.com/upload/sites/aidewebsite/versions/1e3c56e16d4acbf1/files/1d24a881237efd72eda0188eaae104b8a4e4c0040ec44e41f1104834a5353100 [stream]
[debug] [2023-02-20T01:43:19.076Z] >>> [apiv2][query] POST https://upload-firebasehosting.googleapis.com/upload/sites/aidewebsite/versions/1e3c56e16d4acbf1/files/ced06e092b778c98a7d0a2a5ebd72c2c44527050e240cf71c8a2661bee0d07fd [none]
[debug] [2023-02-20T01:43:19.076Z] >>> [apiv2][body] POST https://upload-firebasehosting.googleapis.com/upload/sites/aidewebsite/versions/1e3c56e16d4acbf1/files/ced06e092b778c98a7d0a2a5ebd72c2c44527050e240cf71c8a2661bee0d07fd [stream]
[debug] [2023-02-20T01:43:19.076Z] >>> [apiv2][query] POST https://upload-firebasehosting.googleapis.com/upload/sites/aidewebsite/versions/1e3c56e16d4acbf1/files/2290f86476687ede90b62f9ad4de23d3c8d33422be434b6b787c121cccb78dc5 [none]
[debug] [2023-02-20T01:43:19.076Z] >>> [apiv2][body] POST https://upload-firebasehosting.googleapis.com/upload/sites/aidewebsite/versions/1e3c56e16d4acbf1/files/2290f86476687ede90b62f9ad4de23d3c8d33422be434b6b787c121cccb78dc5 [stream]
[debug] [2023-02-20T01:43:19.076Z] >>> [apiv2][query] POST https://upload-firebasehosting.googleapis.com/upload/sites/aidewebsite/versions/1e3c56e16d4acbf1/files/130dd1287eb747e90f62e58cb45279ef60f341d57b68bf91023ca7ff8c7f923f [none]
[debug] [2023-02-20T01:43:19.076Z] >>> [apiv2][body] POST https://upload-firebasehosting.googleapis.com/upload/sites/aidewebsite/versions/1e3c56e16d4acbf1/files/130dd1287eb747e90f62e58cb45279ef60f341d57b68bf91023ca7ff8c7f923f [stream]
[debug] [2023-02-20T01:43:19.077Z] >>> [apiv2][query] POST https://upload-firebasehosting.googleapis.com/upload/sites/aidewebsite/versions/1e3c56e16d4acbf1/files/eec1c829440789bba9e681d151d55355a32c7fef3ccdd985718b94226417c4cf [none]
[debug] [2023-02-20T01:43:19.077Z] >>> [apiv2][body] POST https://upload-firebasehosting.googleapis.com/upload/sites/aidewebsite/versions/1e3c56e16d4acbf1/files/eec1c829440789bba9e681d151d55355a32c7fef3ccdd985718b94226417c4cf [stream]
[debug] [2023-02-20T01:43:19.077Z] >>> [apiv2][query] POST https://upload-firebasehosting.googleapis.com/upload/sites/aidewebsite/versions/1e3c56e16d4acbf1/files/5ba04cf43d3c8c026bd5edd43046db96acb28b5686d99ea7d7e148feabfffc8f [none]
[debug] [2023-02-20T01:43:19.077Z] >>> [apiv2][body] POST https://upload-firebasehosting.googleapis.com/upload/sites/aidewebsite/versions/1e3c56e16d4acbf1/files/5ba04cf43d3c8c026bd5edd43046db96acb28b5686d99ea7d7e148feabfffc8f [stream]
[debug] [2023-02-20T01:43:19.078Z] >>> [apiv2][query] POST https://upload-firebasehosting.googleapis.com/upload/sites/aidewebsite/versions/1e3c56e16d4acbf1/files/c57470e7590d9b897fcdeabb5f6def3a78ddae97cb4ab913e390550c97bd128f [none]
[debug] [2023-02-20T01:43:19.078Z] >>> [apiv2][body] POST https://upload-firebasehosting.googleapis.com/upload/sites/aidewebsite/versions/1e3c56e16d4acbf1/files/c57470e7590d9b897fcdeabb5f6def3a78ddae97cb4ab913e390550c97bd128f [stream]
[debug] [2023-02-20T01:43:19.078Z] >>> [apiv2][query] POST https://upload-firebasehosting.googleapis.com/upload/sites/aidewebsite/versions/1e3c56e16d4acbf1/files/5d5e7afd02c6c5047a55e8400517abfd9e6462275de5a19d231dc9aaf6af4aae [none]
[debug] [2023-02-20T01:43:19.078Z] >>> [apiv2][body] POST https://upload-firebasehosting.googleapis.com/upload/sites/aidewebsite/versions/1e3c56e16d4acbf1/files/5d5e7afd02c6c5047a55e8400517abfd9e6462275de5a19d231dc9aaf6af4aae [stream]
[debug] [2023-02-20T01:43:19.078Z] >>> [apiv2][query] POST https://upload-firebasehosting.googleapis.com/upload/sites/aidewebsite/versions/1e3c56e16d4acbf1/files/e2e5d0733ac0b5603cb0fcbf7ea5f7cfa03dbee666502d0f5fd5dd0605f22865 [none]
[debug] [2023-02-20T01:43:19.078Z] >>> [apiv2][body] POST https://upload-firebasehosting.googleapis.com/upload/sites/aidewebsite/versions/1e3c56e16d4acbf1/files/e2e5d0733ac0b5603cb0fcbf7ea5f7cfa03dbee666502d0f5fd5dd0605f22865 [stream]
[debug] [2023-02-20T01:43:19.078Z] >>> [apiv2][query] POST https://upload-firebasehosting.googleapis.com/upload/sites/aidewebsite/versions/1e3c56e16d4acbf1/files/3efa8435db981e3ca63b5daaab4dd06f0f0ad45b5705b3954b461c1615c92502 [none]
[debug] [2023-02-20T01:43:19.079Z] >>> [apiv2][body] POST https://upload-firebasehosting.googleapis.com/upload/sites/aidewebsite/versions/1e3c56e16d4acbf1/files/3efa8435db981e3ca63b5daaab4dd06f0f0ad45b5705b3954b461c1615c92502 [stream]
[debug] [2023-02-20T01:43:19.079Z] >>> [apiv2][query] POST https://upload-firebasehosting.googleapis.com/upload/sites/aidewebsite/versions/1e3c56e16d4acbf1/files/ed9b4c3e53886aba175a61920ccd1ff6574d0771c5016232dbeda6856b6fd873 [none]
[debug] [2023-02-20T01:43:19.079Z] >>> [apiv2][body] POST https://upload-firebasehosting.googleapis.com/upload/sites/aidewebsite/versions/1e3c56e16d4acbf1/files/ed9b4c3e53886aba175a61920ccd1ff6574d0771c5016232dbeda6856b6fd873 [stream]
[debug] [2023-02-20T01:43:19.079Z] >>> [apiv2][query] POST https://upload-firebasehosting.googleapis.com/upload/sites/aidewebsite/versions/1e3c56e16d4acbf1/files/b062f3628e479182064f826311cc502dafa3d83983c1d8569cdcd0e0f863dc9f [none]
[debug] [2023-02-20T01:43:19.079Z] >>> [apiv2][body] POST https://upload-firebasehosting.googleapis.com/upload/sites/aidewebsite/versions/1e3c56e16d4acbf1/files/b062f3628e479182064f826311cc502dafa3d83983c1d8569cdcd0e0f863dc9f [stream]
[debug] [2023-02-20T01:43:19.079Z] >>> [apiv2][query] POST https://upload-firebasehosting.googleapis.com/upload/sites/aidewebsite/versions/1e3c56e16d4acbf1/files/7d991b85c66fd3b843ff379ad8bd84d32ca8b17fa3bd74ee75cfab16195946b8 [none]
[debug] [2023-02-20T01:43:19.079Z] >>> [apiv2][body] POST https://upload-firebasehosting.googleapis.com/upload/sites/aidewebsite/versions/1e3c56e16d4acbf1/files/7d991b85c66fd3b843ff379ad8bd84d32ca8b17fa3bd74ee75cfab16195946b8 [stream]
[debug] [2023-02-20T01:43:19.080Z] >>> [apiv2][query] POST https://upload-firebasehosting.googleapis.com/upload/sites/aidewebsite/versions/1e3c56e16d4acbf1/files/8f8a75f0f0d91f52d26cbb6865f0ecfc4104a6ece3971dfc34ee72442a4f5c27 [none]
[debug] [2023-02-20T01:43:19.080Z] >>> [apiv2][body] POST https://upload-firebasehosting.googleapis.com/upload/sites/aidewebsite/versions/1e3c56e16d4acbf1/files/8f8a75f0f0d91f52d26cbb6865f0ecfc4104a6ece3971dfc34ee72442a4f5c27 [stream]
[debug] [2023-02-20T01:43:19.080Z] >>> [apiv2][query] POST https://upload-firebasehosting.googleapis.com/upload/sites/aidewebsite/versions/1e3c56e16d4acbf1/files/8787359a42a7d182c6a997f1ae87f91163727c3de0909e6cf9dd5862443a6ab5 [none]
[debug] [2023-02-20T01:43:19.080Z] >>> [apiv2][body] POST https://upload-firebasehosting.googleapis.com/upload/sites/aidewebsite/versions/1e3c56e16d4acbf1/files/8787359a42a7d182c6a997f1ae87f91163727c3de0909e6cf9dd5862443a6ab5 [stream]
[debug] [2023-02-20T01:43:19.080Z] >>> [apiv2][query] POST https://upload-firebasehosting.googleapis.com/upload/sites/aidewebsite/versions/1e3c56e16d4acbf1/files/6b624c7620212dbeece4c138e6dfc99279f35a617ef1f529e024d64256ab4d11 [none]
[debug] [2023-02-20T01:43:19.080Z] >>> [apiv2][body] POST https://upload-firebasehosting.googleapis.com/upload/sites/aidewebsite/versions/1e3c56e16d4acbf1/files/6b624c7620212dbeece4c138e6dfc99279f35a617ef1f529e024d64256ab4d11 [stream]
[debug] [2023-02-20T01:43:19.081Z] >>> [apiv2][query] POST https://upload-firebasehosting.googleapis.com/upload/sites/aidewebsite/versions/1e3c56e16d4acbf1/files/afdd190c00d25383680d3b5818bc96a78895b86a2247d5db73852ab957711955 [none]
[debug] [2023-02-20T01:43:19.081Z] >>> [apiv2][body] POST https://upload-firebasehosting.googleapis.com/upload/sites/aidewebsite/versions/1e3c56e16d4acbf1/files/afdd190c00d25383680d3b5818bc96a78895b86a2247d5db73852ab957711955 [stream]
[debug] [2023-02-20T01:43:19.081Z] >>> [apiv2][query] POST https://upload-firebasehosting.googleapis.com/upload/sites/aidewebsite/versions/1e3c56e16d4acbf1/files/5b851a5c37be5be364070fc67f24943596682545ec456bf6ed5ca13b0c37a814 [none]
[debug] [2023-02-20T01:43:19.081Z] >>> [apiv2][body] POST https://upload-firebasehosting.googleapis.com/upload/sites/aidewebsite/versions/1e3c56e16d4acbf1/files/5b851a5c37be5be364070fc67f24943596682545ec456bf6ed5ca13b0c37a814 [stream]
[debug] [2023-02-20T01:43:19.081Z] >>> [apiv2][query] POST https://upload-firebasehosting.googleapis.com/upload/sites/aidewebsite/versions/1e3c56e16d4acbf1/files/f239c3cb3e1ff0cc0a96ee189b03940384e0162758533e52903ba7fa2f4e3f7e [none]
[debug] [2023-02-20T01:43:19.081Z] >>> [apiv2][body] POST https://upload-firebasehosting.googleapis.com/upload/sites/aidewebsite/versions/1e3c56e16d4acbf1/files/f239c3cb3e1ff0cc0a96ee189b03940384e0162758533e52903ba7fa2f4e3f7e [stream]
[debug] [2023-02-20T01:43:19.082Z] >>> [apiv2][query] POST https://upload-firebasehosting.googleapis.com/upload/sites/aidewebsite/versions/1e3c56e16d4acbf1/files/102bcb6c5a07180b6ed2ac9284f32414044a6df041939fe3b2df39f6b8096dff [none]
[debug] [2023-02-20T01:43:19.082Z] >>> [apiv2][body] POST https://upload-firebasehosting.googleapis.com/upload/sites/aidewebsite/versions/1e3c56e16d4acbf1/files/102bcb6c5a07180b6ed2ac9284f32414044a6df041939fe3b2df39f6b8096dff [stream]
[debug] [2023-02-20T01:43:19.082Z] >>> [apiv2][query] POST https://upload-firebasehosting.googleapis.com/upload/sites/aidewebsite/versions/1e3c56e16d4acbf1/files/018559097dd1cb86b7883565db49522c9e8519aa49de84c77e94f53749f4b9ea [none]
[debug] [2023-02-20T01:43:19.082Z] >>> [apiv2][body] POST https://upload-firebasehosting.googleapis.com/upload/sites/aidewebsite/versions/1e3c56e16d4acbf1/files/018559097dd1cb86b7883565db49522c9e8519aa49de84c77e94f53749f4b9ea [stream]
[debug] [2023-02-20T01:43:19.082Z] [hosting][populate queue][FINAL] {"max":2283,"min":2283,"avg":2283,"active":0,"complete":1,"success":1,"errored":0,"retried":0,"total":1,"elapsed":2314}
[debug] [2023-02-20T01:43:19.082Z] [hosting] uploads queued: 46
[debug] [2023-02-20T01:43:21.214Z] <<< [apiv2][status] POST https://upload-firebasehosting.googleapis.com/upload/sites/aidewebsite/versions/1e3c56e16d4acbf1/files/9968c2ab9a7a3649290e6d1124b9bdd13911c3bdbfc3513f37486243bc15ce8b 200
[debug] [2023-02-20T01:43:21.214Z] <<< [apiv2][body] POST https://upload-firebasehosting.googleapis.com/upload/sites/aidewebsite/versions/1e3c56e16d4acbf1/files/9968c2ab9a7a3649290e6d1124b9bdd13911c3bdbfc3513f37486243bc15ce8b [stream]
[debug] [2023-02-20T01:43:21.365Z] <<< [apiv2][status] POST https://upload-firebasehosting.googleapis.com/upload/sites/aidewebsite/versions/1e3c56e16d4acbf1/files/6b624c7620212dbeece4c138e6dfc99279f35a617ef1f529e024d64256ab4d11 200
[debug] [2023-02-20T01:43:21.365Z] <<< [apiv2][body] POST https://upload-firebasehosting.googleapis.com/upload/sites/aidewebsite/versions/1e3c56e16d4acbf1/files/6b624c7620212dbeece4c138e6dfc99279f35a617ef1f529e024d64256ab4d11 [stream]
[debug] [2023-02-20T01:43:21.387Z] <<< [apiv2][status] POST https://upload-firebasehosting.googleapis.com/upload/sites/aidewebsite/versions/1e3c56e16d4acbf1/files/472f00f06c597e4fb0fc91121b477c665bbf523d4f084d7fa77b244be03753ff 200
[debug] [2023-02-20T01:43:21.388Z] <<< [apiv2][body] POST https://upload-firebasehosting.googleapis.com/upload/sites/aidewebsite/versions/1e3c56e16d4acbf1/files/472f00f06c597e4fb0fc91121b477c665bbf523d4f084d7fa77b244be03753ff [stream]
[debug] [2023-02-20T01:43:21.426Z] <<< [apiv2][status] POST https://upload-firebasehosting.googleapis.com/upload/sites/aidewebsite/versions/1e3c56e16d4acbf1/files/1d24a881237efd72eda0188eaae104b8a4e4c0040ec44e41f1104834a5353100 200
[debug] [2023-02-20T01:43:21.426Z] <<< [apiv2][body] POST https://upload-firebasehosting.googleapis.com/upload/sites/aidewebsite/versions/1e3c56e16d4acbf1/files/1d24a881237efd72eda0188eaae104b8a4e4c0040ec44e41f1104834a5353100 [stream]
[debug] [2023-02-20T01:43:21.497Z] <<< [apiv2][status] POST https://upload-firebasehosting.googleapis.com/upload/sites/aidewebsite/versions/1e3c56e16d4acbf1/files/5d5e7afd02c6c5047a55e8400517abfd9e6462275de5a19d231dc9aaf6af4aae 200
[debug] [2023-02-20T01:43:21.497Z] <<< [apiv2][body] POST https://upload-firebasehosting.googleapis.com/upload/sites/aidewebsite/versions/1e3c56e16d4acbf1/files/5d5e7afd02c6c5047a55e8400517abfd9e6462275de5a19d231dc9aaf6af4aae [stream]
[debug] [2023-02-20T01:43:21.498Z] <<< [apiv2][status] POST https://upload-firebasehosting.googleapis.com/upload/sites/aidewebsite/versions/1e3c56e16d4acbf1/files/c57470e7590d9b897fcdeabb5f6def3a78ddae97cb4ab913e390550c97bd128f 200
[debug] [2023-02-20T01:43:21.498Z] <<< [apiv2][body] POST https://upload-firebasehosting.googleapis.com/upload/sites/aidewebsite/versions/1e3c56e16d4acbf1/files/c57470e7590d9b897fcdeabb5f6def3a78ddae97cb4ab913e390550c97bd128f [stream]
[debug] [2023-02-20T01:43:21.507Z] <<< [apiv2][status] POST https://upload-firebasehosting.googleapis.com/upload/sites/aidewebsite/versions/1e3c56e16d4acbf1/files/018559097dd1cb86b7883565db49522c9e8519aa49de84c77e94f53749f4b9ea 200
[debug] [2023-02-20T01:43:21.507Z] <<< [apiv2][body] POST https://upload-firebasehosting.googleapis.com/upload/sites/aidewebsite/versions/1e3c56e16d4acbf1/files/018559097dd1cb86b7883565db49522c9e8519aa49de84c77e94f53749f4b9ea [stream]
[debug] [2023-02-20T01:43:21.677Z] <<< [apiv2][status] POST https://upload-firebasehosting.googleapis.com/upload/sites/aidewebsite/versions/1e3c56e16d4acbf1/files/1875c7ee9688443559d48f35dad4cde7beb573db74483968761e3746d73e8802 200
[debug] [2023-02-20T01:43:21.677Z] <<< [apiv2][body] POST https://upload-firebasehosting.googleapis.com/upload/sites/aidewebsite/versions/1e3c56e16d4acbf1/files/1875c7ee9688443559d48f35dad4cde7beb573db74483968761e3746d73e8802 [stream]
[debug] [2023-02-20T01:43:21.711Z] <<< [apiv2][status] POST https://upload-firebasehosting.googleapis.com/upload/sites/aidewebsite/versions/1e3c56e16d4acbf1/files/4ab7bc42115748624fe01e672da038fb5024c2d026efd5311aff1a1097af6cb1 200
[debug] [2023-02-20T01:43:21.711Z] <<< [apiv2][body] POST https://upload-firebasehosting.googleapis.com/upload/sites/aidewebsite/versions/1e3c56e16d4acbf1/files/4ab7bc42115748624fe01e672da038fb5024c2d026efd5311aff1a1097af6cb1 [stream]
[debug] [2023-02-20T01:43:21.774Z] <<< [apiv2][status] POST https://upload-firebasehosting.googleapis.com/upload/sites/aidewebsite/versions/1e3c56e16d4acbf1/files/7507e173cc7bf887d60171855e8e6b2dcd51ef58cf86816c8df60769f265bdb6 200
[debug] [2023-02-20T01:43:21.774Z] <<< [apiv2][body] POST https://upload-firebasehosting.googleapis.com/upload/sites/aidewebsite/versions/1e3c56e16d4acbf1/files/7507e173cc7bf887d60171855e8e6b2dcd51ef58cf86816c8df60769f265bdb6 [stream]
[debug] [2023-02-20T01:43:21.786Z] <<< [apiv2][status] POST https://upload-firebasehosting.googleapis.com/upload/sites/aidewebsite/versions/1e3c56e16d4acbf1/files/deb369c3a4b21008edc7760472b8f05509a737de78fdfad160c332d0b610417b 200
[debug] [2023-02-20T01:43:21.786Z] <<< [apiv2][body] POST https://upload-firebasehosting.googleapis.com/upload/sites/aidewebsite/versions/1e3c56e16d4acbf1/files/deb369c3a4b21008edc7760472b8f05509a737de78fdfad160c332d0b610417b [stream]
[debug] [2023-02-20T01:43:21.786Z] <<< [apiv2][status] POST https://upload-firebasehosting.googleapis.com/upload/sites/aidewebsite/versions/1e3c56e16d4acbf1/files/86f49ce79ae3308a289c3b07a9cd1a963eea915d14faa99958290f80066d4e28 200
[debug] [2023-02-20T01:43:21.786Z] <<< [apiv2][body] POST https://upload-firebasehosting.googleapis.com/upload/sites/aidewebsite/versions/1e3c56e16d4acbf1/files/86f49ce79ae3308a289c3b07a9cd1a963eea915d14faa99958290f80066d4e28 [stream]
[debug] [2023-02-20T01:43:21.798Z] <<< [apiv2][status] POST https://upload-firebasehosting.googleapis.com/upload/sites/aidewebsite/versions/1e3c56e16d4acbf1/files/9ce3adfaa1a2fcce0fa4ad0506e4145eea5b94efe1e63968ee8a7b22cb87cf8e 200
[debug] [2023-02-20T01:43:21.798Z] <<< [apiv2][body] POST https://upload-firebasehosting.googleapis.com/upload/sites/aidewebsite/versions/1e3c56e16d4acbf1/files/9ce3adfaa1a2fcce0fa4ad0506e4145eea5b94efe1e63968ee8a7b22cb87cf8e [stream]
[debug] [2023-02-20T01:43:21.807Z] <<< [apiv2][status] POST https://upload-firebasehosting.googleapis.com/upload/sites/aidewebsite/versions/1e3c56e16d4acbf1/files/7d991b85c66fd3b843ff379ad8bd84d32ca8b17fa3bd74ee75cfab16195946b8 200
[debug] [2023-02-20T01:43:21.807Z] <<< [apiv2][body] POST https://upload-firebasehosting.googleapis.com/upload/sites/aidewebsite/versions/1e3c56e16d4acbf1/files/7d991b85c66fd3b843ff379ad8bd84d32ca8b17fa3bd74ee75cfab16195946b8 [stream]
[debug] [2023-02-20T01:43:21.912Z] <<< [apiv2][status] POST https://upload-firebasehosting.googleapis.com/upload/sites/aidewebsite/versions/1e3c56e16d4acbf1/files/5b851a5c37be5be364070fc67f24943596682545ec456bf6ed5ca13b0c37a814 200
[debug] [2023-02-20T01:43:21.913Z] <<< [apiv2][body] POST https://upload-firebasehosting.googleapis.com/upload/sites/aidewebsite/versions/1e3c56e16d4acbf1/files/5b851a5c37be5be364070fc67f24943596682545ec456bf6ed5ca13b0c37a814 [stream]
[debug] [2023-02-20T01:43:21.933Z] <<< [apiv2][status] POST https://upload-firebasehosting.googleapis.com/upload/sites/aidewebsite/versions/1e3c56e16d4acbf1/files/102bcb6c5a07180b6ed2ac9284f32414044a6df041939fe3b2df39f6b8096dff 200
[debug] [2023-02-20T01:43:21.934Z] <<< [apiv2][body] POST https://upload-firebasehosting.googleapis.com/upload/sites/aidewebsite/versions/1e3c56e16d4acbf1/files/102bcb6c5a07180b6ed2ac9284f32414044a6df041939fe3b2df39f6b8096dff [stream]
[debug] [2023-02-20T01:43:22.020Z] <<< [apiv2][status] POST https://upload-firebasehosting.googleapis.com/upload/sites/aidewebsite/versions/1e3c56e16d4acbf1/files/b09e480a73a64e780730be550ed02048c041ad4dabcbd05bc20849791f71c4ad 200
[debug] [2023-02-20T01:43:22.020Z] <<< [apiv2][body] POST https://upload-firebasehosting.googleapis.com/upload/sites/aidewebsite/versions/1e3c56e16d4acbf1/files/b09e480a73a64e780730be550ed02048c041ad4dabcbd05bc20849791f71c4ad [stream]
[debug] [2023-02-20T01:43:22.020Z] <<< [apiv2][status] POST https://upload-firebasehosting.googleapis.com/upload/sites/aidewebsite/versions/1e3c56e16d4acbf1/files/f55c0c74490e480f6d816b884aca8b9665fc44dfb4b5a9a6c47c3942fffd77f4 200
[debug] [2023-02-20T01:43:22.020Z] <<< [apiv2][body] POST https://upload-firebasehosting.googleapis.com/upload/sites/aidewebsite/versions/1e3c56e16d4acbf1/files/f55c0c74490e480f6d816b884aca8b9665fc44dfb4b5a9a6c47c3942fffd77f4 [stream]
[debug] [2023-02-20T01:43:22.031Z] <<< [apiv2][status] POST https://upload-firebasehosting.googleapis.com/upload/sites/aidewebsite/versions/1e3c56e16d4acbf1/files/f239c3cb3e1ff0cc0a96ee189b03940384e0162758533e52903ba7fa2f4e3f7e 200
[debug] [2023-02-20T01:43:22.031Z] <<< [apiv2][body] POST https://upload-firebasehosting.googleapis.com/upload/sites/aidewebsite/versions/1e3c56e16d4acbf1/files/f239c3cb3e1ff0cc0a96ee189b03940384e0162758533e52903ba7fa2f4e3f7e [stream]
[debug] [2023-02-20T01:43:22.127Z] <<< [apiv2][status] POST https://upload-firebasehosting.googleapis.com/upload/sites/aidewebsite/versions/1e3c56e16d4acbf1/files/5ba04cf43d3c8c026bd5edd43046db96acb28b5686d99ea7d7e148feabfffc8f 200
[debug] [2023-02-20T01:43:22.127Z] <<< [apiv2][body] POST https://upload-firebasehosting.googleapis.com/upload/sites/aidewebsite/versions/1e3c56e16d4acbf1/files/5ba04cf43d3c8c026bd5edd43046db96acb28b5686d99ea7d7e148feabfffc8f [stream]
[debug] [2023-02-20T01:43:22.128Z] <<< [apiv2][status] POST https://upload-firebasehosting.googleapis.com/upload/sites/aidewebsite/versions/1e3c56e16d4acbf1/files/38efa33bf0d8999fc2f68c697074ee727b8845c631e1b5a67ac677c51d4f0405 200
[debug] [2023-02-20T01:43:22.128Z] <<< [apiv2][body] POST https://upload-firebasehosting.googleapis.com/upload/sites/aidewebsite/versions/1e3c56e16d4acbf1/files/38efa33bf0d8999fc2f68c697074ee727b8845c631e1b5a67ac677c51d4f0405 [stream]
[debug] [2023-02-20T01:43:22.129Z] <<< [apiv2][status] POST https://upload-firebasehosting.googleapis.com/upload/sites/aidewebsite/versions/1e3c56e16d4acbf1/files/40a0e365268012f9cdcb6d72b08c79416654de2d54b2c3a29170d48ca5b1c80e 200
[debug] [2023-02-20T01:43:22.129Z] <<< [apiv2][body] POST https://upload-firebasehosting.googleapis.com/upload/sites/aidewebsite/versions/1e3c56e16d4acbf1/files/40a0e365268012f9cdcb6d72b08c79416654de2d54b2c3a29170d48ca5b1c80e [stream]
[debug] [2023-02-20T01:43:22.153Z] <<< [apiv2][status] POST https://upload-firebasehosting.googleapis.com/upload/sites/aidewebsite/versions/1e3c56e16d4acbf1/files/94017a2c24bb60fb70e85f7f22c9c1436557a31deb7b4f8285b98e3d9df28d53 200
[debug] [2023-02-20T01:43:22.153Z] <<< [apiv2][body] POST https://upload-firebasehosting.googleapis.com/upload/sites/aidewebsite/versions/1e3c56e16d4acbf1/files/94017a2c24bb60fb70e85f7f22c9c1436557a31deb7b4f8285b98e3d9df28d53 [stream]
[debug] [2023-02-20T01:43:22.164Z] <<< [apiv2][status] POST https://upload-firebasehosting.googleapis.com/upload/sites/aidewebsite/versions/1e3c56e16d4acbf1/files/afdd190c00d25383680d3b5818bc96a78895b86a2247d5db73852ab957711955 200
[debug] [2023-02-20T01:43:22.164Z] <<< [apiv2][body] POST https://upload-firebasehosting.googleapis.com/upload/sites/aidewebsite/versions/1e3c56e16d4acbf1/files/afdd190c00d25383680d3b5818bc96a78895b86a2247d5db73852ab957711955 [stream]
[debug] [2023-02-20T01:43:22.243Z] <<< [apiv2][status] POST https://upload-firebasehosting.googleapis.com/upload/sites/aidewebsite/versions/1e3c56e16d4acbf1/files/2290f86476687ede90b62f9ad4de23d3c8d33422be434b6b787c121cccb78dc5 200
[debug] [2023-02-20T01:43:22.244Z] <<< [apiv2][body] POST https://upload-firebasehosting.googleapis.com/upload/sites/aidewebsite/versions/1e3c56e16d4acbf1/files/2290f86476687ede90b62f9ad4de23d3c8d33422be434b6b787c121cccb78dc5 [stream]
[debug] [2023-02-20T01:43:22.249Z] <<< [apiv2][status] POST https://upload-firebasehosting.googleapis.com/upload/sites/aidewebsite/versions/1e3c56e16d4acbf1/files/ced06e092b778c98a7d0a2a5ebd72c2c44527050e240cf71c8a2661bee0d07fd 200
[debug] [2023-02-20T01:43:22.249Z] <<< [apiv2][body] POST https://upload-firebasehosting.googleapis.com/upload/sites/aidewebsite/versions/1e3c56e16d4acbf1/files/ced06e092b778c98a7d0a2a5ebd72c2c44527050e240cf71c8a2661bee0d07fd [stream]
[debug] [2023-02-20T01:43:22.273Z] <<< [apiv2][status] POST https://upload-firebasehosting.googleapis.com/upload/sites/aidewebsite/versions/1e3c56e16d4acbf1/files/8f8a75f0f0d91f52d26cbb6865f0ecfc4104a6ece3971dfc34ee72442a4f5c27 200
[debug] [2023-02-20T01:43:22.273Z] <<< [apiv2][body] POST https://upload-firebasehosting.googleapis.com/upload/sites/aidewebsite/versions/1e3c56e16d4acbf1/files/8f8a75f0f0d91f52d26cbb6865f0ecfc4104a6ece3971dfc34ee72442a4f5c27 [stream]
[debug] [2023-02-20T01:43:22.480Z] <<< [apiv2][status] POST https://upload-firebasehosting.googleapis.com/upload/sites/aidewebsite/versions/1e3c56e16d4acbf1/files/3efa8435db981e3ca63b5daaab4dd06f0f0ad45b5705b3954b461c1615c92502 200
[debug] [2023-02-20T01:43:22.480Z] <<< [apiv2][body] POST https://upload-firebasehosting.googleapis.com/upload/sites/aidewebsite/versions/1e3c56e16d4acbf1/files/3efa8435db981e3ca63b5daaab4dd06f0f0ad45b5705b3954b461c1615c92502 [stream]
[debug] [2023-02-20T01:43:22.510Z] <<< [apiv2][status] POST https://upload-firebasehosting.googleapis.com/upload/sites/aidewebsite/versions/1e3c56e16d4acbf1/files/e09a83a22e7a77795727d66bab2825d81fdb5d27eab24fcb129e7f7332e92506 200
[debug] [2023-02-20T01:43:22.511Z] <<< [apiv2][body] POST https://upload-firebasehosting.googleapis.com/upload/sites/aidewebsite/versions/1e3c56e16d4acbf1/files/e09a83a22e7a77795727d66bab2825d81fdb5d27eab24fcb129e7f7332e92506 [stream]
[debug] [2023-02-20T01:43:22.633Z] <<< [apiv2][status] POST https://upload-firebasehosting.googleapis.com/upload/sites/aidewebsite/versions/1e3c56e16d4acbf1/files/432722297988f36d53b57026a5067c48a08f5847765bd084afcdf29b1f0c131d 200
[debug] [2023-02-20T01:43:22.633Z] <<< [apiv2][body] POST https://upload-firebasehosting.googleapis.com/upload/sites/aidewebsite/versions/1e3c56e16d4acbf1/files/432722297988f36d53b57026a5067c48a08f5847765bd084afcdf29b1f0c131d [stream]
[debug] [2023-02-20T01:43:23.533Z] <<< [apiv2][status] POST https://upload-firebasehosting.googleapis.com/upload/sites/aidewebsite/versions/1e3c56e16d4acbf1/files/39ec1ce17452447f5d0ccf4634a4184b6ecb8a822053d9db5d8489a6341dc827 200
[debug] [2023-02-20T01:43:23.533Z] <<< [apiv2][body] POST https://upload-firebasehosting.googleapis.com/upload/sites/aidewebsite/versions/1e3c56e16d4acbf1/files/39ec1ce17452447f5d0ccf4634a4184b6ecb8a822053d9db5d8489a6341dc827 [stream]
[debug] [2023-02-20T01:43:23.775Z] <<< [apiv2][status] POST https://upload-firebasehosting.googleapis.com/upload/sites/aidewebsite/versions/1e3c56e16d4acbf1/files/eec1c829440789bba9e681d151d55355a32c7fef3ccdd985718b94226417c4cf 200
[debug] [2023-02-20T01:43:23.776Z] <<< [apiv2][body] POST https://upload-firebasehosting.googleapis.com/upload/sites/aidewebsite/versions/1e3c56e16d4acbf1/files/eec1c829440789bba9e681d151d55355a32c7fef3ccdd985718b94226417c4cf [stream]
[debug] [2023-02-20T01:43:23.935Z] <<< [apiv2][status] POST https://upload-firebasehosting.googleapis.com/upload/sites/aidewebsite/versions/1e3c56e16d4acbf1/files/31f0fbade3f70d4902a5163b450f13d0ecca37210a037fd1816f327d622a3d69 200
[debug] [2023-02-20T01:43:23.935Z] <<< [apiv2][body] POST https://upload-firebasehosting.googleapis.com/upload/sites/aidewebsite/versions/1e3c56e16d4acbf1/files/31f0fbade3f70d4902a5163b450f13d0ecca37210a037fd1816f327d622a3d69 [stream]
[debug] [2023-02-20T01:43:23.951Z] <<< [apiv2][status] POST https://upload-firebasehosting.googleapis.com/upload/sites/aidewebsite/versions/1e3c56e16d4acbf1/files/b062f3628e479182064f826311cc502dafa3d83983c1d8569cdcd0e0f863dc9f 200
[debug] [2023-02-20T01:43:23.951Z] <<< [apiv2][body] POST https://upload-firebasehosting.googleapis.com/upload/sites/aidewebsite/versions/1e3c56e16d4acbf1/files/b062f3628e479182064f826311cc502dafa3d83983c1d8569cdcd0e0f863dc9f [stream]
[debug] [2023-02-20T01:43:24.019Z] <<< [apiv2][status] POST https://upload-firebasehosting.googleapis.com/upload/sites/aidewebsite/versions/1e3c56e16d4acbf1/files/99425a9aba8835010aa87841f83f5a6f162bc222196f68c3f130f5f6efb06e2e 200
[debug] [2023-02-20T01:43:24.020Z] <<< [apiv2][body] POST https://upload-firebasehosting.googleapis.com/upload/sites/aidewebsite/versions/1e3c56e16d4acbf1/files/99425a9aba8835010aa87841f83f5a6f162bc222196f68c3f130f5f6efb06e2e [stream]
[debug] [2023-02-20T01:43:24.546Z] <<< [apiv2][status] POST https://upload-firebasehosting.googleapis.com/upload/sites/aidewebsite/versions/1e3c56e16d4acbf1/files/d568279f7d9f43e6073050913d14462eb770d46b2fffab4b300f36c07de460de 200
[debug] [2023-02-20T01:43:24.546Z] <<< [apiv2][body] POST https://upload-firebasehosting.googleapis.com/upload/sites/aidewebsite/versions/1e3c56e16d4acbf1/files/d568279f7d9f43e6073050913d14462eb770d46b2fffab4b300f36c07de460de [stream]
[debug] [2023-02-20T01:43:24.771Z] <<< [apiv2][status] POST https://upload-firebasehosting.googleapis.com/upload/sites/aidewebsite/versions/1e3c56e16d4acbf1/files/130dd1287eb747e90f62e58cb45279ef60f341d57b68bf91023ca7ff8c7f923f 200
[debug] [2023-02-20T01:43:24.771Z] <<< [apiv2][body] POST https://upload-firebasehosting.googleapis.com/upload/sites/aidewebsite/versions/1e3c56e16d4acbf1/files/130dd1287eb747e90f62e58cb45279ef60f341d57b68bf91023ca7ff8c7f923f [stream]
[debug] [2023-02-20T01:43:25.079Z] <<< [apiv2][status] POST https://upload-firebasehosting.googleapis.com/upload/sites/aidewebsite/versions/1e3c56e16d4acbf1/files/524b2dd86ed74fc68e7c9a96939dd93f5d361a633a06610435378585ab7fc15c 200
[debug] [2023-02-20T01:43:25.079Z] <<< [apiv2][body] POST https://upload-firebasehosting.googleapis.com/upload/sites/aidewebsite/versions/1e3c56e16d4acbf1/files/524b2dd86ed74fc68e7c9a96939dd93f5d361a633a06610435378585ab7fc15c [stream]
